<?xml version="1.0" encoding="UTF-8"?>
<!-- Generated by org.testng.reporters.JUnitReportReporter -->
<testsuite hostname="ANA" failures="0" tests="1" name="shiftplanning.com.LoginTC" time="12.630" errors="0" timestamp="06 dec 2018 21:08:12 GMT" skipped="0">
  <testcase classname="shiftplanning.com.LoginTC" name="verifyLoginCredentials" time="12.630"/>
</testsuite> <!-- shiftplanning.com.LoginTC -->
