<?xml version="1.0" encoding="UTF-8"?>
<!-- Generated by org.testng.reporters.JUnitReportReporter -->
<testsuite hostname="ANA" failures="0" tests="1" name="shiftplanning.com.TC3ClockinClockoutChrome" time="23.860" errors="0" timestamp="07 dec 2018 20:26:51 GMT" skipped="0">
  <testcase classname="shiftplanning.com.TC3ClockinClockoutChrome" name="checkClockinClockout" time="23.860"/>
</testsuite> <!-- shiftplanning.com.TC3ClockinClockoutChrome -->
