<?xml version="1.0" encoding="UTF-8"?>
<!-- Generated by org.testng.reporters.JUnitReportReporter -->
<testsuite hostname="ANA" failures="0" tests="1" name="shiftplanning.com.ClockinClockoutTC" time="19.626" errors="0" timestamp="06 dec 2018 21:15:16 GMT" skipped="0">
  <testcase classname="shiftplanning.com.ClockinClockoutTC" name="checkClockinClockout" time="19.626"/>
</testsuite> <!-- shiftplanning.com.ClockinClockoutTC -->
