<?xml version="1.0" encoding="UTF-8"?>
<!-- Generated by org.testng.reporters.JUnitReportReporter -->
<testsuite hostname="ANA" failures="0" tests="1" name="com.shiftplanning.TestCases.TC3ClockinClockoutChrome" time="34.591" errors="0" timestamp="08 dec 2018 14:25:36 GMT" skipped="0">
  <testcase classname="com.shiftplanning.TestCases.TC3ClockinClockoutChrome" name="checkClockinClockout" time="34.591"/>
</testsuite> <!-- com.shiftplanning.TestCases.TC3ClockinClockoutChrome -->
