<?xml version="1.0" encoding="UTF-8"?>
<!-- Generated by org.testng.reporters.JUnitReportReporter -->
<testsuite hostname="ANA" failures="0" tests="1" name="shiftplanning.com.AddingNewEmployeeTCChrome" time="31.145" errors="0" timestamp="07 dec 2018 08:20:51 GMT" skipped="0">
  <testcase classname="shiftplanning.com.AddingNewEmployeeTCChrome" name="addNewEmployee" time="31.145"/>
</testsuite> <!-- shiftplanning.com.AddingNewEmployeeTCChrome -->
