<?xml version="1.0" encoding="UTF-8"?>
<!-- Generated by org.testng.reporters.JUnitReportReporter -->
<testsuite hostname="ANA" failures="0" tests="1" name="shiftplanning.com.ClockinClockoutTC2Chrome" time="25.328" errors="0" timestamp="07 dec 2018 08:27:40 GMT" skipped="0">
  <testcase classname="shiftplanning.com.ClockinClockoutTC2Chrome" name="checkClockinClockout" time="25.328"/>
</testsuite> <!-- shiftplanning.com.ClockinClockoutTC2Chrome -->
