<?xml version="1.0" encoding="UTF-8"?>
<!-- Generated by org.testng.reporters.JUnitReportReporter -->
<testsuite hostname="ANA" failures="0" tests="1" name="shiftplanning.com.LoginTCChrome" time="20.884" errors="0" timestamp="07 dec 2018 08:16:48 GMT" skipped="0">
  <testcase classname="shiftplanning.com.LoginTCChrome" name="verifyLoginCredentials" time="20.884"/>
</testsuite> <!-- shiftplanning.com.LoginTCChrome -->
