<?xml version="1.0" encoding="UTF-8"?>
<!-- Generated by org.testng.reporters.JUnitReportReporter -->
<testsuite hostname="ANA" failures="0" tests="1" name="com.shiftplanning.TestCases.TC1LoginChrome2" time="40.093" errors="0" timestamp="08 dec 2018 13:51:10 GMT" skipped="0">
  <testcase classname="com.shiftplanning.TestCases.TC1LoginChrome2" name="addNewEmployee" time="40.093"/>
</testsuite> <!-- com.shiftplanning.TestCases.TC1LoginChrome2 -->
