<?xml version="1.0" encoding="UTF-8"?>
<!-- Generated by org.testng.reporters.JUnitReportReporter -->
<testsuite hostname="ANA" failures="0" tests="1" name="shiftplanning.com.TC1LoginChrome" time="16.089" errors="0" timestamp="07 dec 2018 20:26:51 GMT" skipped="0">
  <testcase classname="shiftplanning.com.TC1LoginChrome" name="verifyLoginCredentials" time="16.089"/>
</testsuite> <!-- shiftplanning.com.TC1LoginChrome -->
