<?xml version="1.0" encoding="UTF-8"?>
<!-- Generated by org.testng.reporters.JUnitReportReporter -->
<testsuite hostname="ANA" failures="0" tests="1" name="shiftplanning.com.AddingNewEmployee" time="22.995" errors="0" timestamp="06 dec 2018 18:37:12 GMT" skipped="0">
  <testcase classname="shiftplanning.com.AddingNewEmployee" name="addNewEmployee" time="22.995"/>
</testsuite> <!-- shiftplanning.com.AddingNewEmployee -->
