<?xml version="1.0" encoding="UTF-8"?>
<!-- Generated by org.testng.reporters.JUnitReportReporter -->
<testsuite hostname="ANA" failures="0" tests="1" name="shiftplanning.com.TC2AddingNewEmployeeChrome2" time="29.562" errors="0" timestamp="07 dec 2018 09:41:09 GMT" skipped="0">
  <testcase classname="shiftplanning.com.TC2AddingNewEmployeeChrome2" name="addNewEmployee" time="29.562"/>
</testsuite> <!-- shiftplanning.com.TC2AddingNewEmployeeChrome2 -->
